<?xml version="1.0" encoding="UTF-8"?>
<testsuites name="New Test Suite (4)" time="168.94" tests="4" failures="0" errors="0">
   <testsuite name="New Test Suite (4)" tests="4" failures="0" errors="0" time="168.94" skipped="0" timestamp="29-09-2024T00:21:50" hostname="srpat - RamMarshivane" id="Test Suites/New Test Suite (4)">
      <properties>
         <property name="deviceName" value=""/>
         <property name="devicePlatform"/>
         <property name="logFolder" value="C:\\Users\\srpat\\Katalon Studio\\My First Web UI Project\\Reports\\20240929_002144\\New Test Suite (4)\\20240929_002144"/>
         <property name="logFiles" value="C:\\Users\\srpat\\Katalon Studio\\My First Web UI Project\\Reports\\20240929_002144\\New Test Suite (4)\\20240929_002144\\execution0.log"/>
         <property name="attachments" value=""/>
         <property name="hostName" value="srpat - RamMarshivane"/>
         <property name="os" value="Windows 11 64bit"/>
         <property name="katalonVersion" value="9.7.2.223"/>
         <property name="browser" value="Chrome 129.0.0.0"/>
         <property name="hostAddress" value="192.168.1.3"/>
         <property name="sessionId" value="45733f0fa4899002077fb3e6bb98fbd3"/>
         <property name="seleniumVersion" value="3.141.59"/>
         <property name="proxyInformation" value="ProxyInformation { proxyOption=NO_PROXY, proxyServerType=HTTP, username=, password=********, proxyServerAddress=, proxyServerPort=0, executionList=&quot;&quot;, isApplyToDesiredCapabilities=true }"/>
         <property name="platform" value="Windows 11"/>
      </properties>
      <testcase name="Test Cases/New Test Case (50)" time="11.82" classname="Test Cases/New Test Case (50)" status="PASSED">
         <system-out><![CDATA[29-09-2024T00:21:50 - [TEST_CASE][PASSED] - Test Cases/New Test Case (50): Test Cases/New Test Case (50)

29-09-2024T00:21:51 - [TEST_STEP][PASSED] - openBrowser(""): Browser is opened with url: ''

29-09-2024T00:21:51 - [MESSAGE][INFO] - Starting 'Chrome' driver

29-09-2024T00:21:51 - [MESSAGE][INFO] - Action delay is set to 0 milliseconds

29-09-2024T00:21:52 - [MESSAGE][PASSED] - Browser is opened with url: ''

29-09-2024T00:21:52 - [TEST_STEP][PASSED] - navigateToUrl("https://parabank.parasoft.com/parabank/index.htm"): Navigate to 'https://parabank.parasoft.com/parabank/index.htm' successfully

29-09-2024T00:21:55 - [MESSAGE][PASSED] - Navigate to 'https://parabank.parasoft.com/parabank/index.htm' successfully

29-09-2024T00:21:55 - [TEST_STEP][PASSED] - setText(findTestObject("Object Repository/Banking/Page_ParaBank  Welcome  Online Banking/input_Username_username (1)"), "ram"): Text 'ram' is set on object 'Object Repository/Banking/Page_ParaBank  Welcome  Online Banking/input_Username_username (1)'

29-09-2024T00:21:56 - [MESSAGE][PASSED] - Text 'ram' is set on object 'Object Repository/Banking/Page_ParaBank  Welcome  Online Banking/input_Username_username (1)'

29-09-2024T00:21:56 - [TEST_STEP][PASSED] - setEncryptedText(findTestObject("Object Repository/Banking/Page_ParaBank  Welcome  Online Banking/input_Password_password (1)"), "1GvK2HZY7CyrJ0QUV2kr7w=="): Text ****** has been set on object 'Object Repository/Banking/Page_ParaBank  Welcome  Online Banking/input_Password_password (1)'

29-09-2024T00:21:56 - [MESSAGE][PASSED] - Text ****** has been set on object 'Object Repository/Banking/Page_ParaBank  Welcome  Online Banking/input_Password_password (1)'

29-09-2024T00:21:56 - [TEST_STEP][PASSED] - click(findTestObject("Object Repository/Banking/Page_ParaBank  Welcome  Online Banking/input_Password_button (1)")): Object: 'Object Repository/Banking/Page_ParaBank  Welcome  Online Banking/input_Password_button (1)' is clicked on

29-09-2024T00:21:58 - [MESSAGE][PASSED] - Object: 'Object Repository/Banking/Page_ParaBank  Welcome  Online Banking/input_Password_button (1)' is clicked on

29-09-2024T00:21:58 - [TEST_STEP][PASSED] - click(findTestObject("Object Repository/Banking/Page_ParaBank  Accounts Overview/a_Transfer Funds")): Object: 'Object Repository/Banking/Page_ParaBank  Accounts Overview/a_Transfer Funds' is clicked on

29-09-2024T00:21:59 - [MESSAGE][PASSED] - Object: 'Object Repository/Banking/Page_ParaBank  Accounts Overview/a_Transfer Funds' is clicked on

29-09-2024T00:21:59 - [TEST_STEP][PASSED] - setText(findTestObject("Object Repository/Banking/Page_ParaBank  Transfer Funds/input_Amount_input"), "50"): Text '50' is set on object 'Object Repository/Banking/Page_ParaBank  Transfer Funds/input_Amount_input'

29-09-2024T00:22:00 - [MESSAGE][PASSED] - Text '50' is set on object 'Object Repository/Banking/Page_ParaBank  Transfer Funds/input_Amount_input'

29-09-2024T00:22:00 - [TEST_STEP][PASSED] - click(findTestObject("Object Repository/Banking/Page_ParaBank  Transfer Funds/input_From account to account_button")): Object: 'Object Repository/Banking/Page_ParaBank  Transfer Funds/input_From account to account_button' is clicked on

29-09-2024T00:22:01 - [MESSAGE][PASSED] - Object: 'Object Repository/Banking/Page_ParaBank  Transfer Funds/input_From account to account_button' is clicked on

29-09-2024T00:22:01 - [TEST_STEP][PASSED] - click(findTestObject("Object Repository/Banking/Page_ParaBank  Transfer Funds/a_home")): Object: 'Object Repository/Banking/Page_ParaBank  Transfer Funds/a_home' is clicked on

29-09-2024T00:22:02 - [MESSAGE][PASSED] - Object: 'Object Repository/Banking/Page_ParaBank  Transfer Funds/a_home' is clicked on

29-09-2024T00:22:02 - [TEST_STEP][PASSED] - closeBrowser(): Browser is closed

29-09-2024T00:22:02 - [MESSAGE][PASSED] - Browser is closed]]></system-out>
         <system-err><![CDATA[]]></system-err>
      </testcase>
      <testcase name="Test Cases/New Test Case (49)" time="10.344" classname="Test Cases/New Test Case (49)" status="PASSED">
         <system-out><![CDATA[29-09-2024T00:22:02 - [TEST_CASE][PASSED] - Test Cases/New Test Case (49): Test Cases/New Test Case (49)

29-09-2024T00:22:02 - [TEST_STEP][PASSED] - openBrowser(""): Browser is opened with url: ''

29-09-2024T00:22:02 - [MESSAGE][INFO] - Starting 'Chrome' driver

29-09-2024T00:22:02 - [MESSAGE][INFO] - Action delay is set to 0 milliseconds

29-09-2024T00:22:03 - [MESSAGE][PASSED] - Browser is opened with url: ''

29-09-2024T00:22:03 - [TEST_STEP][PASSED] - navigateToUrl("https://parabank.parasoft.com/parabank/index.htm"): Navigate to 'https://parabank.parasoft.com/parabank/index.htm' successfully

29-09-2024T00:22:06 - [MESSAGE][PASSED] - Navigate to 'https://parabank.parasoft.com/parabank/index.htm' successfully

29-09-2024T00:22:06 - [TEST_STEP][PASSED] - setText(findTestObject("Object Repository/Banking/Page_ParaBank  Welcome  Online Banking/input_Username_username"), "ram"): Text 'ram' is set on object 'Object Repository/Banking/Page_ParaBank  Welcome  Online Banking/input_Username_username'

29-09-2024T00:22:07 - [MESSAGE][PASSED] - Text 'ram' is set on object 'Object Repository/Banking/Page_ParaBank  Welcome  Online Banking/input_Username_username'

29-09-2024T00:22:07 - [TEST_STEP][PASSED] - setEncryptedText(findTestObject("Object Repository/Banking/Page_ParaBank  Welcome  Online Banking/input_Password_password"), "1GvK2HZY7CyrJ0QUV2kr7w=="): Text ****** has been set on object 'Object Repository/Banking/Page_ParaBank  Welcome  Online Banking/input_Password_password'

29-09-2024T00:22:07 - [MESSAGE][PASSED] - Text ****** has been set on object 'Object Repository/Banking/Page_ParaBank  Welcome  Online Banking/input_Password_password'

29-09-2024T00:22:07 - [TEST_STEP][PASSED] - click(findTestObject("Object Repository/Banking/Page_ParaBank  Welcome  Online Banking/input_Password_button")): Object: 'Object Repository/Banking/Page_ParaBank  Welcome  Online Banking/input_Password_button' is clicked on

29-09-2024T00:22:08 - [MESSAGE][PASSED] - Object: 'Object Repository/Banking/Page_ParaBank  Welcome  Online Banking/input_Password_button' is clicked on

29-09-2024T00:22:08 - [TEST_STEP][PASSED] - click(findTestObject("Object Repository/Banking/Page_ParaBank  Accounts Overview/a_Accounts Overview")): Object: 'Object Repository/Banking/Page_ParaBank  Accounts Overview/a_Accounts Overview' is clicked on

29-09-2024T00:22:10 - [MESSAGE][PASSED] - Object: 'Object Repository/Banking/Page_ParaBank  Accounts Overview/a_Accounts Overview' is clicked on

29-09-2024T00:22:10 - [TEST_STEP][PASSED] - click(findTestObject("Object Repository/Banking/Page_ParaBank  Accounts Overview/a_22113")): Object: 'Object Repository/Banking/Page_ParaBank  Accounts Overview/a_22113' is clicked on

29-09-2024T00:22:12 - [MESSAGE][PASSED] - Object: 'Object Repository/Banking/Page_ParaBank  Accounts Overview/a_22113' is clicked on

29-09-2024T00:22:12 - [TEST_STEP][PASSED] - click(findTestObject("Object Repository/Banking/Page_ParaBank  Account Activity/input_Type_button")): Object: 'Object Repository/Banking/Page_ParaBank  Account Activity/input_Type_button' is clicked on

29-09-2024T00:22:12 - [MESSAGE][PASSED] - Object: 'Object Repository/Banking/Page_ParaBank  Account Activity/input_Type_button' is clicked on

29-09-2024T00:22:12 - [TEST_STEP][PASSED] - closeBrowser(): Browser is closed

29-09-2024T00:22:13 - [MESSAGE][PASSED] - Browser is closed]]></system-out>
         <system-err><![CDATA[]]></system-err>
      </testcase>
      <testcase name="Test Cases/New Test Case (48)" time="26.159" classname="Test Cases/New Test Case (48)" status="PASSED">
         <system-out><![CDATA[29-09-2024T00:23:29 - [TEST_CASE][PASSED] - Test Cases/New Test Case (48): Test Cases/New Test Case (48)

29-09-2024T00:23:29 - [TEST_STEP][PASSED] - openBrowser(""): Browser is opened with url: ''

29-09-2024T00:23:29 - [MESSAGE][WARNING] - A browser is already opened. Closing browser and opening a new one

29-09-2024T00:23:29 - [MESSAGE][INFO] - Starting 'Chrome' driver

29-09-2024T00:23:29 - [MESSAGE][INFO] - Action delay is set to 0 milliseconds

29-09-2024T00:23:29 - [MESSAGE][PASSED] - Browser is opened with url: ''

29-09-2024T00:23:29 - [TEST_STEP][PASSED] - navigateToUrl("https://demoqa.com/"): Navigate to 'https://demoqa.com/' successfully

29-09-2024T00:23:32 - [MESSAGE][PASSED] - Navigate to 'https://demoqa.com/' successfully

29-09-2024T00:23:32 - [TEST_STEP][PASSED] - click(findTestObject("Object Repository/Page_DEMOQA/svg (1)")): Object: 'Object Repository/Page_DEMOQA/svg (1)' is clicked on

29-09-2024T00:23:50 - [MESSAGE][PASSED] - Object: 'Object Repository/Page_DEMOQA/svg (1)' is clicked on

29-09-2024T00:23:50 - [TEST_STEP][PASSED] - click(findTestObject("Object Repository/Page_DEMOQA/span_Alerts")): Object: 'Object Repository/Page_DEMOQA/span_Alerts' is clicked on

29-09-2024T00:23:52 - [MESSAGE][PASSED] - Object: 'Object Repository/Page_DEMOQA/span_Alerts' is clicked on

29-09-2024T00:23:52 - [TEST_STEP][PASSED] - click(findTestObject("Object Repository/Page_DEMOQA/button_Click me")): Object: 'Object Repository/Page_DEMOQA/button_Click me' is clicked on

29-09-2024T00:23:54 - [MESSAGE][PASSED] - Object: 'Object Repository/Page_DEMOQA/button_Click me' is clicked on

29-09-2024T00:23:54 - [TEST_STEP][PASSED] - click(findTestObject("Object Repository/Page_DEMOQA/button_Click me_1")): Object: 'Object Repository/Page_DEMOQA/button_Click me_1' is clicked on

29-09-2024T00:23:55 - [MESSAGE][PASSED] - Object: 'Object Repository/Page_DEMOQA/button_Click me_1' is clicked on

29-09-2024T00:23:55 - [TEST_STEP][PASSED] - closeBrowser(): Browser is closed

29-09-2024T00:23:55 - [MESSAGE][PASSED] - Browser is closed]]></system-out>
         <system-err><![CDATA[]]></system-err>
      </testcase>
      <testcase name="Test Cases/New Test Case (47)" time="44.437" classname="Test Cases/New Test Case (47)" status="PASSED">
         <system-out><![CDATA[29-09-2024T00:23:55 - [TEST_CASE][PASSED] - Test Cases/New Test Case (47): Test Cases/New Test Case (47)

29-09-2024T00:23:55 - [TEST_STEP][PASSED] - openBrowser(""): Browser is opened with url: ''

29-09-2024T00:23:55 - [MESSAGE][INFO] - Starting 'Chrome' driver

29-09-2024T00:23:55 - [MESSAGE][INFO] - Action delay is set to 0 milliseconds

29-09-2024T00:23:55 - [MESSAGE][PASSED] - Browser is opened with url: ''

29-09-2024T00:23:55 - [TEST_STEP][PASSED] - navigateToUrl("https://demoqa.com/"): Navigate to 'https://demoqa.com/' successfully

29-09-2024T00:23:59 - [MESSAGE][PASSED] - Navigate to 'https://demoqa.com/' successfully

29-09-2024T00:23:59 - [TEST_STEP][PASSED] - click(findTestObject("Object Repository/Page_DEMOQA/svg")): Object: 'Object Repository/Page_DEMOQA/svg' is clicked on

29-09-2024T00:24:23 - [MESSAGE][PASSED] - Object: 'Object Repository/Page_DEMOQA/svg' is clicked on

29-09-2024T00:24:23 - [TEST_STEP][PASSED] - click(findTestObject("Object Repository/Page_DEMOQA/span_Radio Button")): Object: 'Object Repository/Page_DEMOQA/span_Radio Button' is clicked on

29-09-2024T00:24:24 - [MESSAGE][PASSED] - Object: 'Object Repository/Page_DEMOQA/span_Radio Button' is clicked on

29-09-2024T00:24:24 - [TEST_STEP][PASSED] - click(findTestObject("Object Repository/Page_DEMOQA/label_Yes")): Object: 'Object Repository/Page_DEMOQA/label_Yes' is clicked on

29-09-2024T00:24:27 - [MESSAGE][PASSED] - Object: 'Object Repository/Page_DEMOQA/label_Yes' is clicked on

29-09-2024T00:24:27 - [TEST_STEP][PASSED] - click(findTestObject("Object Repository/Page_DEMOQA/label_Impressive")): Object: 'Object Repository/Page_DEMOQA/label_Impressive' is clicked on

29-09-2024T00:24:28 - [MESSAGE][PASSED] - Object: 'Object Repository/Page_DEMOQA/label_Impressive' is clicked on

29-09-2024T00:24:28 - [TEST_STEP][PASSED] - click(findTestObject("Object Repository/Page_DEMOQA/label_No")): Object: 'Object Repository/Page_DEMOQA/label_No' is clicked on

29-09-2024T00:24:28 - [MESSAGE][PASSED] - Object: 'Object Repository/Page_DEMOQA/label_No' is clicked on

29-09-2024T00:24:28 - [TEST_STEP][PASSED] - click(findTestObject("Object Repository/Page_DEMOQA/span_Impressive")): Object: 'Object Repository/Page_DEMOQA/span_Impressive' is clicked on

29-09-2024T00:24:28 - [MESSAGE][PASSED] - Object: 'Object Repository/Page_DEMOQA/span_Impressive' is clicked on

29-09-2024T00:24:28 - [TEST_STEP][PASSED] - click(findTestObject("Object Repository/Page_DEMOQA/span_Upload and Download")): Object: 'Object Repository/Page_DEMOQA/span_Upload and Download' is clicked on

29-09-2024T00:24:28 - [MESSAGE][PASSED] - Object: 'Object Repository/Page_DEMOQA/span_Upload and Download' is clicked on

29-09-2024T00:24:28 - [TEST_STEP][PASSED] - click(findTestObject("Object Repository/Page_DEMOQA/a_Download")): Object: 'Object Repository/Page_DEMOQA/a_Download' is clicked on

29-09-2024T00:24:33 - [MESSAGE][PASSED] - Object: 'Object Repository/Page_DEMOQA/a_Download' is clicked on

29-09-2024T00:24:33 - [TEST_STEP][PASSED] - click(findTestObject("Object Repository/Page_DEMOQA/span_Dynamic Properties")): Object: 'Object Repository/Page_DEMOQA/span_Dynamic Properties' is clicked on

29-09-2024T00:24:33 - [MESSAGE][PASSED] - Object: 'Object Repository/Page_DEMOQA/span_Dynamic Properties' is clicked on

29-09-2024T00:24:33 - [TEST_STEP][PASSED] - click(findTestObject("Object Repository/Page_DEMOQA/button_Color Change")): Object: 'Object Repository/Page_DEMOQA/button_Color Change' is clicked on

29-09-2024T00:24:36 - [MESSAGE][PASSED] - Object: 'Object Repository/Page_DEMOQA/button_Color Change' is clicked on

29-09-2024T00:24:36 - [TEST_STEP][PASSED] - click(findTestObject("Object Repository/Page_DEMOQA/button_Visible After 5 Seconds")): Object: 'Object Repository/Page_DEMOQA/button_Visible After 5 Seconds' is clicked on

29-09-2024T00:24:39 - [MESSAGE][PASSED] - Object: 'Object Repository/Page_DEMOQA/button_Visible After 5 Seconds' is clicked on

29-09-2024T00:24:39 - [TEST_STEP][PASSED] - closeBrowser(): Browser is closed

29-09-2024T00:24:39 - [MESSAGE][PASSED] - Browser is closed]]></system-out>
         <system-err><![CDATA[]]></system-err>
      </testcase>
      <system-out><![CDATA[29-09-2024T00:21:50 - [TEST_SUITE][FAILED] - New Test Suite (4): Test Cases/New Test Case (48) FAILED.
Reason:
com.kms.katalon.core.exception.StepFailedException: Unable to click on object 'Object Repository/Page_DEMOQA/svg (1)'
	at com.kms.katalon.core.webui.keyword.internal.WebUIKeywordMain.stepFailed(WebUIKeywordMain.groovy:117)
	at com.kms.katalon.core.webui.keyword.internal.WebUIKeywordMain.runKeyword(WebUIKeywordMain.groovy:43)
	at com.kms.katalon.core.webui.keyword.builtin.ClickKeyword.click(ClickKeyword.groovy:74)
	at com.kms.katalon.core.webui.keyword.builtin.ClickKeyword.execute(ClickKeyword.groovy:40)
	at com.kms.katalon.core.keyword.internal.KeywordExecutor.executeKeywordForPlatform(KeywordExecutor.groovy:74)
	at com.kms.katalon.core.webui.keyword.WebUiBuiltInKeywords.click(WebUiBuiltInKeywords.groovy:659)
	at New Test Case (48).run(New Test Case (48):24)
	at com.kms.katalon.core.main.ScriptEngine.run(ScriptEngine.java:194)
	at com.kms.katalon.core.main.ScriptEngine.runScriptAsRawText(ScriptEngine.java:119)
	at com.kms.katalon.core.main.TestCaseExecutor.runScript(TestCaseExecutor.java:448)
	at com.kms.katalon.core.main.TestCaseExecutor.doExecute(TestCaseExecutor.java:439)
	at com.kms.katalon.core.main.TestCaseExecutor.processExecutionPhase(TestCaseExecutor.java:418)
	at com.kms.katalon.core.main.TestCaseExecutor.accessMainPhase(TestCaseExecutor.java:410)
	at com.kms.katalon.core.main.TestCaseExecutor.execute(TestCaseExecutor.java:285)
	at com.kms.katalon.core.common.CommonExecutor.accessTestCaseMainPhase(CommonExecutor.java:65)
	at com.kms.katalon.core.main.TestSuiteExecutor.accessTestSuiteMainPhase(TestSuiteExecutor.java:150)
	at com.kms.katalon.core.main.TestSuiteExecutor.execute(TestSuiteExecutor.java:106)
	at com.kms.katalon.core.main.TestCaseMain.startTestSuite(TestCaseMain.java:180)
	at TempTestSuite1727549504198.run(TempTestSuite1727549504198.groovy:35)
	at java.base/jdk.internal.reflect.NativeMethodAccessorImpl.invoke0(Native Method)
	at java.base/jdk.internal.reflect.NativeMethodAccessorImpl.invoke(NativeMethodAccessorImpl.java:77)
	at java.base/jdk.internal.reflect.DelegatingMethodAccessorImpl.invoke(DelegatingMethodAccessorImpl.java:43)
Caused by: org.openqa.selenium.ElementClickInterceptedException: element click intercepted: Element <svg stroke="currentColor" fill="currentColor" stroke-width="0" viewBox="0 0 14 16" height="1em" width="1em" xmlns="http://www.w3.org/2000/svg">...</svg> is not clickable at point (509, 594). Other element would receive the click: <iframe frameborder="0" src="https://f43c8d92b0a0b4366f38b89cfed6bf9e.safeframe.googlesyndication.com/safeframe/1-0-40/html/container.html" id="google_ads_iframe_/21849154601,22343295815/Ad.Plus-Anchor_0" title="3rd party ad content" name="" scrolling="no" marginwidth="0" marginheight="0" width="728" height="90" data-is-safeframe="true" sandbox="allow-forms allow-popups allow-popups-to-escape-sandbox allow-same-origin allow-scripts allow-top-navigation-by-user-activation" allow="private-state-token-redemption;attribution-reporting" aria-label="Advertisement" tabindex="0" data-google-container-id="1" style="border: 0px; vertical-align: bottom;" data-load-complete="true"></iframe>
  (Session info: chrome=129.0.6668.70)
Build info: version: '3.141.59', revision: 'unknown', time: 'unknown'
System info: host: 'RAMMARSHIVANE', ip: '192.168.1.3', os.name: 'Windows 11', os.arch: 'amd64', os.version: '10.0', java.version: '17.0.7'
Driver info: com.kms.katalon.selenium.driver.CChromeDriver
Capabilities {acceptInsecureCerts: false, browserName: chrome, browserVersion: 129.0.6668.70, chrome: {chromedriverVersion: 128.0.6613.84 (606aa55c7d68..., userDataDir: C:\Users\srpat\AppData\Loca...}, fedcm:accounts: true, goog:chromeOptions: {debuggerAddress: localhost:61416}, javascriptEnabled: true, networkConnectionEnabled: false, pageLoadStrategy: normal, platform: WINDOWS, platformName: WINDOWS, proxy: Proxy(), setWindowRect: true, strictFileInteractability: false, timeouts: {implicit: 0, pageLoad: 300000, script: 30000}, unhandledPromptBehavior: dismiss and notify, webauthn:extension:credBlob: true, webauthn:extension:largeBlob: true, webauthn:extension:minPinLength: true, webauthn:extension:prf: true, webauthn:virtualAuthenticators: true}
Session ID: 96833d29a3523700193139c8e182e86f
	at java.base/jdk.internal.reflect.NativeConstructorAccessorImpl.newInstance0(Native Method)
	at java.base/jdk.internal.reflect.NativeConstructorAccessorImpl.newInstance(NativeConstructorAccessorImpl.java:77)
	at java.base/jdk.internal.reflect.DelegatingConstructorAccessorImpl.newInstance(DelegatingConstructorAccessorImpl.java:45)
	at org.openqa.selenium.remote.http.W3CHttpResponseCodec.createException(W3CHttpResponseCodec.java:187)
	at org.openqa.selenium.remote.http.W3CHttpResponseCodec.decode(W3CHttpResponseCodec.java:122)
	at org.openqa.selenium.remote.http.W3CHttpResponseCodec.decode(W3CHttpResponseCodec.java:49)
	at org.openqa.selenium.remote.HttpCommandExecutor.execute(HttpCommandExecutor.java:158)
	at org.openqa.selenium.remote.service.DriverCommandExecutor.execute(DriverCommandExecutor.java:83)
	at org.openqa.selenium.remote.RemoteWebDriver.execute(RemoteWebDriver.java:552)
	at com.kms.katalon.selenium.driver.CChromeDriver.execute(CChromeDriver.java:19)
	at org.openqa.selenium.remote.RemoteWebElement.execute(RemoteWebElement.java:285)
	at org.openqa.selenium.remote.RemoteWebElement.click(RemoteWebElement.java:84)
	at jdk.internal.reflect.GeneratedMethodAccessor9.invoke(Unknown Source)
	at java.base/jdk.internal.reflect.DelegatingMethodAccessorImpl.invoke(DelegatingMethodAccessorImpl.java:43)
	at org.openqa.selenium.support.events.EventFiringWebDriver$EventFiringWebElement.lambda$new$0(EventFiringWebDriver.java:404)
	at jdk.proxy2/jdk.proxy2.$Proxy21.click(Unknown Source)
	at org.openqa.selenium.support.events.EventFiringWebDriver$EventFiringWebElement.click(EventFiringWebDriver.java:417)
	at org.openqa.selenium.WebElement$click.call(Unknown Source)
	at com.kms.katalon.core.webui.keyword.builtin.ClickKeyword.clickUntilSuccessWithTimeout(ClickKeyword.groovy:81)
	at com.kms.katalon.core.webui.keyword.builtin.ClickKeyword.clickUntilSuccessWithTimeout(ClickKeyword.groovy)
	at java.base/jdk.internal.reflect.NativeMethodAccessorImpl.invoke0(Native Method)
	at java.base/jdk.internal.reflect.NativeMethodAccessorImpl.invoke(NativeMethodAccessorImpl.java:77)
	at java.base/jdk.internal.reflect.DelegatingMethodAccessorImpl.invoke(DelegatingMethodAccessorImpl.java:43)
	at com.kms.katalon.core.webui.keyword.builtin.ClickKeyword$_click_closure1.doCall(ClickKeyword.groovy:67)
	at com.kms.katalon.core.webui.keyword.builtin.ClickKeyword$_click_closure1.call(ClickKeyword.groovy)
	at com.kms.katalon.core.webui.keyword.internal.WebUIKeywordMain.runKeyword(WebUIKeywordMain.groovy:35)
	... 20 more]]></system-out>
      <system-err><![CDATA[29-09-2024T00:21:50 - [TEST_SUITE][FAILED] - New Test Suite (4): Test Cases/New Test Case (48) FAILED.
Reason:
com.kms.katalon.core.exception.StepFailedException: Unable to click on object 'Object Repository/Page_DEMOQA/svg (1)'
	at com.kms.katalon.core.webui.keyword.internal.WebUIKeywordMain.stepFailed(WebUIKeywordMain.groovy:117)
	at com.kms.katalon.core.webui.keyword.internal.WebUIKeywordMain.runKeyword(WebUIKeywordMain.groovy:43)
	at com.kms.katalon.core.webui.keyword.builtin.ClickKeyword.click(ClickKeyword.groovy:74)
	at com.kms.katalon.core.webui.keyword.builtin.ClickKeyword.execute(ClickKeyword.groovy:40)
	at com.kms.katalon.core.keyword.internal.KeywordExecutor.executeKeywordForPlatform(KeywordExecutor.groovy:74)
	at com.kms.katalon.core.webui.keyword.WebUiBuiltInKeywords.click(WebUiBuiltInKeywords.groovy:659)
	at New Test Case (48).run(New Test Case (48):24)
	at com.kms.katalon.core.main.ScriptEngine.run(ScriptEngine.java:194)
	at com.kms.katalon.core.main.ScriptEngine.runScriptAsRawText(ScriptEngine.java:119)
	at com.kms.katalon.core.main.TestCaseExecutor.runScript(TestCaseExecutor.java:448)
	at com.kms.katalon.core.main.TestCaseExecutor.doExecute(TestCaseExecutor.java:439)
	at com.kms.katalon.core.main.TestCaseExecutor.processExecutionPhase(TestCaseExecutor.java:418)
	at com.kms.katalon.core.main.TestCaseExecutor.accessMainPhase(TestCaseExecutor.java:410)
	at com.kms.katalon.core.main.TestCaseExecutor.execute(TestCaseExecutor.java:285)
	at com.kms.katalon.core.common.CommonExecutor.accessTestCaseMainPhase(CommonExecutor.java:65)
	at com.kms.katalon.core.main.TestSuiteExecutor.accessTestSuiteMainPhase(TestSuiteExecutor.java:150)
	at com.kms.katalon.core.main.TestSuiteExecutor.execute(TestSuiteExecutor.java:106)
	at com.kms.katalon.core.main.TestCaseMain.startTestSuite(TestCaseMain.java:180)
	at TempTestSuite1727549504198.run(TempTestSuite1727549504198.groovy:35)
	at java.base/jdk.internal.reflect.NativeMethodAccessorImpl.invoke0(Native Method)
	at java.base/jdk.internal.reflect.NativeMethodAccessorImpl.invoke(NativeMethodAccessorImpl.java:77)
	at java.base/jdk.internal.reflect.DelegatingMethodAccessorImpl.invoke(DelegatingMethodAccessorImpl.java:43)
Caused by: org.openqa.selenium.ElementClickInterceptedException: element click intercepted: Element <svg stroke="currentColor" fill="currentColor" stroke-width="0" viewBox="0 0 14 16" height="1em" width="1em" xmlns="http://www.w3.org/2000/svg">...</svg> is not clickable at point (509, 594). Other element would receive the click: <iframe frameborder="0" src="https://f43c8d92b0a0b4366f38b89cfed6bf9e.safeframe.googlesyndication.com/safeframe/1-0-40/html/container.html" id="google_ads_iframe_/21849154601,22343295815/Ad.Plus-Anchor_0" title="3rd party ad content" name="" scrolling="no" marginwidth="0" marginheight="0" width="728" height="90" data-is-safeframe="true" sandbox="allow-forms allow-popups allow-popups-to-escape-sandbox allow-same-origin allow-scripts allow-top-navigation-by-user-activation" allow="private-state-token-redemption;attribution-reporting" aria-label="Advertisement" tabindex="0" data-google-container-id="1" style="border: 0px; vertical-align: bottom;" data-load-complete="true"></iframe>
  (Session info: chrome=129.0.6668.70)
Build info: version: '3.141.59', revision: 'unknown', time: 'unknown'
System info: host: 'RAMMARSHIVANE', ip: '192.168.1.3', os.name: 'Windows 11', os.arch: 'amd64', os.version: '10.0', java.version: '17.0.7'
Driver info: com.kms.katalon.selenium.driver.CChromeDriver
Capabilities {acceptInsecureCerts: false, browserName: chrome, browserVersion: 129.0.6668.70, chrome: {chromedriverVersion: 128.0.6613.84 (606aa55c7d68..., userDataDir: C:\Users\srpat\AppData\Loca...}, fedcm:accounts: true, goog:chromeOptions: {debuggerAddress: localhost:61416}, javascriptEnabled: true, networkConnectionEnabled: false, pageLoadStrategy: normal, platform: WINDOWS, platformName: WINDOWS, proxy: Proxy(), setWindowRect: true, strictFileInteractability: false, timeouts: {implicit: 0, pageLoad: 300000, script: 30000}, unhandledPromptBehavior: dismiss and notify, webauthn:extension:credBlob: true, webauthn:extension:largeBlob: true, webauthn:extension:minPinLength: true, webauthn:extension:prf: true, webauthn:virtualAuthenticators: true}
Session ID: 96833d29a3523700193139c8e182e86f
	at java.base/jdk.internal.reflect.NativeConstructorAccessorImpl.newInstance0(Native Method)
	at java.base/jdk.internal.reflect.NativeConstructorAccessorImpl.newInstance(NativeConstructorAccessorImpl.java:77)
	at java.base/jdk.internal.reflect.DelegatingConstructorAccessorImpl.newInstance(DelegatingConstructorAccessorImpl.java:45)
	at org.openqa.selenium.remote.http.W3CHttpResponseCodec.createException(W3CHttpResponseCodec.java:187)
	at org.openqa.selenium.remote.http.W3CHttpResponseCodec.decode(W3CHttpResponseCodec.java:122)
	at org.openqa.selenium.remote.http.W3CHttpResponseCodec.decode(W3CHttpResponseCodec.java:49)
	at org.openqa.selenium.remote.HttpCommandExecutor.execute(HttpCommandExecutor.java:158)
	at org.openqa.selenium.remote.service.DriverCommandExecutor.execute(DriverCommandExecutor.java:83)
	at org.openqa.selenium.remote.RemoteWebDriver.execute(RemoteWebDriver.java:552)
	at com.kms.katalon.selenium.driver.CChromeDriver.execute(CChromeDriver.java:19)
	at org.openqa.selenium.remote.RemoteWebElement.execute(RemoteWebElement.java:285)
	at org.openqa.selenium.remote.RemoteWebElement.click(RemoteWebElement.java:84)
	at jdk.internal.reflect.GeneratedMethodAccessor9.invoke(Unknown Source)
	at java.base/jdk.internal.reflect.DelegatingMethodAccessorImpl.invoke(DelegatingMethodAccessorImpl.java:43)
	at org.openqa.selenium.support.events.EventFiringWebDriver$EventFiringWebElement.lambda$new$0(EventFiringWebDriver.java:404)
	at jdk.proxy2/jdk.proxy2.$Proxy21.click(Unknown Source)
	at org.openqa.selenium.support.events.EventFiringWebDriver$EventFiringWebElement.click(EventFiringWebDriver.java:417)
	at org.openqa.selenium.WebElement$click.call(Unknown Source)
	at com.kms.katalon.core.webui.keyword.builtin.ClickKeyword.clickUntilSuccessWithTimeout(ClickKeyword.groovy:81)
	at com.kms.katalon.core.webui.keyword.builtin.ClickKeyword.clickUntilSuccessWithTimeout(ClickKeyword.groovy)
	at java.base/jdk.internal.reflect.NativeMethodAccessorImpl.invoke0(Native Method)
	at java.base/jdk.internal.reflect.NativeMethodAccessorImpl.invoke(NativeMethodAccessorImpl.java:77)
	at java.base/jdk.internal.reflect.DelegatingMethodAccessorImpl.invoke(DelegatingMethodAccessorImpl.java:43)
	at com.kms.katalon.core.webui.keyword.builtin.ClickKeyword$_click_closure1.doCall(ClickKeyword.groovy:67)
	at com.kms.katalon.core.webui.keyword.builtin.ClickKeyword$_click_closure1.call(ClickKeyword.groovy)
	at com.kms.katalon.core.webui.keyword.internal.WebUIKeywordMain.runKeyword(WebUIKeywordMain.groovy:35)
	... 20 more]]></system-err>
   </testsuite>
</testsuites>
